This file contains any messages produced by compilers while
running configure, to aid debugging if configure makes a mistake.

It was created by libvorbis configure 1.3.1, which was
generated by GNU Autoconf 2.61.  Invocation command line was

  $ ./configure --prefix=/usr --disable-static

## --------- ##
## Platform. ##
## --------- ##

hostname = sheevaplug
uname -m = armv5tel
uname -r = 2.6.33.3
uname -s = Linux
uname -v = #2 PREEMPT Tue Apr 27 15:07:28 MDT 2010

/usr/bin/uname -p = unknown
/bin/uname -X     = unknown

/bin/arch              = armv5tel
/usr/bin/arch -k       = unknown
/usr/convex/getsysinfo = unknown
/usr/bin/hostinfo      = unknown
/bin/machine           = unknown
/usr/bin/oslevel       = unknown
/bin/universe          = unknown

PATH: /bin
PATH: /usr/bin
PATH: /sbin
PATH: /usr/sbin
PATH: /usr/bin/perlbin/site
PATH: /usr/bin/perlbin/vendor
PATH: /usr/bin/perlbin/core
PATH: /opt/qt/bin


## ----------- ##
## Core tests. ##
## ----------- ##

configure:2012: checking build system type
configure:2030: result: armv5tel-unknown-linux-gnu
configure:2052: checking host system type
configure:2067: result: armv5tel-unknown-linux-gnu
configure:2089: checking target system type
configure:2104: result: armv5tel-unknown-linux-gnu
configure:2148: checking for a BSD-compatible install
configure:2204: result: /bin/install -c
configure:2215: checking whether build environment is sane
configure:2258: result: yes
configure:2286: checking for a thread-safe mkdir -p
configure:2325: result: /bin/mkdir -p
configure:2338: checking for gawk
configure:2354: found /bin/gawk
configure:2365: result: gawk
configure:2376: checking whether make sets $(MAKE)
configure:2397: result: yes
configure:2585: checking whether to enable maintainer-specific portions of Makefiles
configure:2594: result: no
configure:2686: checking for gcc
configure:2702: found /usr/bin/gcc
configure:2713: result: gcc
configure:2951: checking for C compiler version
configure:2958: gcc --version >&5
gcc (GCC) 4.4.3
Copyright (C) 2010 Free Software Foundation, Inc.
This is free software; see the source for copying conditions.  There is NO
warranty; not even for MERCHANTABILITY or FITNESS FOR A PARTICULAR PURPOSE.

configure:2961: $? = 0
configure:2968: gcc -v >&5
Using built-in specs.
Target: arm-none-linux-gnueabi
Configured with: ../configure --prefix=/usr --build=arm-none-linux-gnueabi --target=arm-none-linux-gnueabi --enable-shared --enable-languages=c,c++,fortran,objc,obj-c++ --enable-threads=posix --mandir=/usr/share/man --infodir=/usr/share/info --enable-__cxa_atexit --disable-multilib --libdir=/usr/lib --libexecdir=/usr/lib --enable-clocale=gnu --disable-libstdcxx-pch
Thread model: posix
gcc version 4.4.3 (GCC) 
configure:2971: $? = 0
configure:2978: gcc -V >&5
gcc: '-V' option must have argument
configure:2981: $? = 1
configure:3004: checking for C compiler default output file name
configure:3031: gcc v5te -O2 -pipe   conftest.c  >&5
gcc: v5te: No such file or directory
configure:3034: $? = 1
configure:3072: result: 
configure: failed program was:
| /* confdefs.h.  */
| #define PACKAGE_NAME "libvorbis"
| #define PACKAGE_TARNAME "libvorbis"
| #define PACKAGE_VERSION "1.3.1"
| #define PACKAGE_STRING "libvorbis 1.3.1"
| #define PACKAGE_BUGREPORT "vorbis-dev@xiph.org"
| #define PACKAGE "libvorbis"
| #define VERSION "1.3.1"
| /* end confdefs.h.  */
| 
| int
| main ()
| {
| 
|   ;
|   return 0;
| }
configure:3079: error: C compiler cannot create executables
See `config.log' for more details.

## ---------------- ##
## Cache variables. ##
## ---------------- ##

ac_cv_build=armv5tel-unknown-linux-gnu
ac_cv_env_CC_set=
ac_cv_env_CC_value=
ac_cv_env_CFLAGS_set=set
ac_cv_env_CFLAGS_value='v5te -O2 -pipe'
ac_cv_env_CPPFLAGS_set=
ac_cv_env_CPPFLAGS_value=
ac_cv_env_CPP_set=
ac_cv_env_CPP_value=
ac_cv_env_LDFLAGS_set=
ac_cv_env_LDFLAGS_value=
ac_cv_env_LIBS_set=
ac_cv_env_LIBS_value=
ac_cv_env_OGG_CFLAGS_set=
ac_cv_env_OGG_CFLAGS_value=
ac_cv_env_OGG_LIBS_set=
ac_cv_env_OGG_LIBS_value=
ac_cv_env_PKG_CONFIG_set=
ac_cv_env_PKG_CONFIG_value=
ac_cv_env_build_alias_set=
ac_cv_env_build_alias_value=
ac_cv_env_host_alias_set=
ac_cv_env_host_alias_value=
ac_cv_env_target_alias_set=
ac_cv_env_target_alias_value=
ac_cv_host=armv5tel-unknown-linux-gnu
ac_cv_path_install='/bin/install -c'
ac_cv_path_mkdir=/bin/mkdir
ac_cv_prog_AWK=gawk
ac_cv_prog_ac_ct_CC=gcc
ac_cv_prog_make_make_set=yes
ac_cv_target=armv5tel-unknown-linux-gnu

## ----------------- ##
## Output variables. ##
## ----------------- ##

ACLOCAL='${SHELL} /media/usb/builder/abs/extra/libvorbis/src/libvorbis-1.3.1/missing --run aclocal-1.10'
ACLOCAL_AMFLAGS='-I m4'
ALLOCA=''
AMDEPBACKSLASH=''
AMDEP_FALSE=''
AMDEP_TRUE=''
AMTAR='${SHELL} /media/usb/builder/abs/extra/libvorbis/src/libvorbis-1.3.1/missing --run tar'
AR=''
AS=''
AUTOCONF='${SHELL} /media/usb/builder/abs/extra/libvorbis/src/libvorbis-1.3.1/missing --run autoconf'
AUTOHEADER='${SHELL} /media/usb/builder/abs/extra/libvorbis/src/libvorbis-1.3.1/missing --run autoheader'
AUTOMAKE='${SHELL} /media/usb/builder/abs/extra/libvorbis/src/libvorbis-1.3.1/missing --run automake-1.10'
AWK='gawk'
BUILD_DOCS_FALSE=''
BUILD_DOCS_TRUE=''
BUILD_EXAMPLES_FALSE=''
BUILD_EXAMPLES_TRUE=''
CC='gcc'
CCDEPMODE=''
CFLAGS='v5te -O2 -pipe'
CPP=''
CPPFLAGS=''
CYGPATH_W='echo'
DEBUG=''
DEFS=''
DEPDIR=''
DLLTOOL=''
DSYMUTIL=''
DUMPBIN=''
ECHO_C=''
ECHO_N='-n'
ECHO_T=''
EGREP=''
EXEEXT=''
FGREP=''
GREP=''
HAVE_DOXYGEN=''
HAVE_DOXYGEN_FALSE=''
HAVE_DOXYGEN_TRUE=''
HTLATEX=''
INSTALL_DATA='${INSTALL} -m 644'
INSTALL_PROGRAM='${INSTALL}'
INSTALL_SCRIPT='${INSTALL}'
INSTALL_STRIP_PROGRAM='$(install_sh) -c -s'
LD=''
LDFLAGS=''
LIBOBJS=''
LIBS=''
LIBTOOL=''
LIBTOOL_DEPS=''
LIPO=''
LN_S=''
LTLIBOBJS=''
MAINT='#'
MAINTAINER_MODE_FALSE=''
MAINTAINER_MODE_TRUE='#'
MAKEINFO='${SHELL} /media/usb/builder/abs/extra/libvorbis/src/libvorbis-1.3.1/missing --run makeinfo'
NM=''
NMEDIT=''
OBJDUMP=''
OBJEXT=''
OGG_CFLAGS=''
OGG_LIBS=''
OTOOL64=''
OTOOL=''
PACKAGE='libvorbis'
PACKAGE_BUGREPORT='vorbis-dev@xiph.org'
PACKAGE_NAME='libvorbis'
PACKAGE_STRING='libvorbis 1.3.1'
PACKAGE_TARNAME='libvorbis'
PACKAGE_VERSION='1.3.1'
PATH_SEPARATOR=':'
PDFLATEX=''
PKG_CONFIG=''
PROFILE=''
RANLIB=''
SED=''
SET_MAKE=''
SHELL='/bin/sh'
STRIP=''
VERSION='1.3.1'
VE_LIB_AGE='0'
VE_LIB_CURRENT='2'
VE_LIB_REVISION='7'
VF_LIB_AGE='3'
VF_LIB_CURRENT='6'
VF_LIB_REVISION='2'
VORBIS_LIBS=''
V_LIB_AGE='4'
V_LIB_CURRENT='4'
V_LIB_REVISION='4'
ac_ct_CC='gcc'
ac_ct_DUMPBIN=''
am__fastdepCC_FALSE=''
am__fastdepCC_TRUE=''
am__include=''
am__isrc=''
am__leading_dot='.'
am__quote=''
am__tar='${AMTAR} chof - "$$tardir"'
am__untar='${AMTAR} xf -'
bindir='${exec_prefix}/bin'
build='armv5tel-unknown-linux-gnu'
build_alias=''
build_cpu='armv5tel'
build_os='linux-gnu'
build_vendor='unknown'
datadir='${datarootdir}'
datarootdir='${prefix}/share'
docdir='${datarootdir}/doc/${PACKAGE_TARNAME}'
dvidir='${docdir}'
exec_prefix='NONE'
host='armv5tel-unknown-linux-gnu'
host_alias=''
host_cpu='armv5tel'
host_os='linux-gnu'
host_vendor='unknown'
htmldir='${docdir}'
includedir='${prefix}/include'
infodir='${datarootdir}/info'
install_sh='$(SHELL) /media/usb/builder/abs/extra/libvorbis/src/libvorbis-1.3.1/install-sh'
libdir='${exec_prefix}/lib'
libexecdir='${exec_prefix}/libexec'
localedir='${datarootdir}/locale'
localstatedir='${prefix}/var'
lt_ECHO='echo'
mandir='${datarootdir}/man'
mkdir_p='/bin/mkdir -p'
oldincludedir='/usr/include'
pdfdir='${docdir}'
prefix='/usr'
program_transform_name='s,x,x,'
psdir='${docdir}'
pthread_lib=''
sbindir='${exec_prefix}/sbin'
sharedstatedir='${prefix}/com'
sysconfdir='${prefix}/etc'
target='armv5tel-unknown-linux-gnu'
target_alias=''
target_cpu='armv5tel'
target_os='linux-gnu'
target_vendor='unknown'

## ----------- ##
## confdefs.h. ##
## ----------- ##

#define PACKAGE_NAME "libvorbis"
#define PACKAGE_TARNAME "libvorbis"
#define PACKAGE_VERSION "1.3.1"
#define PACKAGE_STRING "libvorbis 1.3.1"
#define PACKAGE_BUGREPORT "vorbis-dev@xiph.org"
#define PACKAGE "libvorbis"
#define VERSION "1.3.1"

configure: exit 77
