The system is: Linux - 3.6.11-18-ARCH+ - armv6l
Compiling the C compiler identification source file "CMakeCCompilerId.c" succeeded.
Compiler: /usr/bin/cc 
Build flags: -march=armv6;-mfloat-abi=hard;-mfpu=vfp;-O2;-pipe;-fstack-protector;--param=ssp-buffer-size=4
Id flags: 

The output was:
0


Compilation of the C compiler identification source "CMakeCCompilerId.c" produced "a.out"

The C compiler identification is GNU, found in "/home/dave/git/PKGBUILDs-1/community/supercollider/src/SuperCollider-Source/bld/CMakeFiles/2.8.12/CompilerIdC/a.out"

Compiling the CXX compiler identification source file "CMakeCXXCompilerId.cpp" succeeded.
Compiler: /usr/bin/c++ 
Build flags: -march=armv6;-mfloat-abi=hard;-mfpu=vfp;-O2;-pipe;-fstack-protector;--param=ssp-buffer-size=4
Id flags: 

The output was:
0


Compilation of the CXX compiler identification source "CMakeCXXCompilerId.cpp" produced "a.out"

The CXX compiler identification is GNU, found in "/home/dave/git/PKGBUILDs-1/community/supercollider/src/SuperCollider-Source/bld/CMakeFiles/2.8.12/CompilerIdCXX/a.out"

Determining if the C compiler works passed with the following output:
Change Dir: /home/dave/git/PKGBUILDs-1/community/supercollider/src/SuperCollider-Source/bld/CMakeFiles/CMakeTmp

Run Build Command:/usr/bin/make "cmTryCompileExec3948948418/fast"
/usr/bin/make -f CMakeFiles/cmTryCompileExec3948948418.dir/build.make CMakeFiles/cmTryCompileExec3948948418.dir/build
make[1]: Entering directory '/home/dave/git/PKGBUILDs-1/community/supercollider/src/SuperCollider-Source/bld/CMakeFiles/CMakeTmp'
/usr/bin/cmake -E cmake_progress_report /home/dave/git/PKGBUILDs-1/community/supercollider/src/SuperCollider-Source/bld/CMakeFiles/CMakeTmp/CMakeFiles 1
Building C object CMakeFiles/cmTryCompileExec3948948418.dir/testCCompiler.c.o
/usr/bin/cc   -march=armv6 -mfloat-abi=hard -mfpu=vfp -O2 -pipe -fstack-protector --param=ssp-buffer-size=4    -o CMakeFiles/cmTryCompileExec3948948418.dir/testCCompiler.c.o   -c /home/dave/git/PKGBUILDs-1/community/supercollider/src/SuperCollider-Source/bld/CMakeFiles/CMakeTmp/testCCompiler.c
Linking C executable cmTryCompileExec3948948418
/usr/bin/cmake -E cmake_link_script CMakeFiles/cmTryCompileExec3948948418.dir/link.txt --verbose=1
/usr/bin/cc  -march=armv6 -mfloat-abi=hard -mfpu=vfp -O2 -pipe -fstack-protector --param=ssp-buffer-size=4     CMakeFiles/cmTryCompileExec3948948418.dir/testCCompiler.c.o  -o cmTryCompileExec3948948418 -rdynamic 
make[1]: Leaving directory '/home/dave/git/PKGBUILDs-1/community/supercollider/src/SuperCollider-Source/bld/CMakeFiles/CMakeTmp'


Detecting C compiler ABI info compiled with the following output:
Change Dir: /home/dave/git/PKGBUILDs-1/community/supercollider/src/SuperCollider-Source/bld/CMakeFiles/CMakeTmp

Run Build Command:/usr/bin/make "cmTryCompileExec2566149087/fast"
/usr/bin/make -f CMakeFiles/cmTryCompileExec2566149087.dir/build.make CMakeFiles/cmTryCompileExec2566149087.dir/build
make[1]: Entering directory '/home/dave/git/PKGBUILDs-1/community/supercollider/src/SuperCollider-Source/bld/CMakeFiles/CMakeTmp'
/usr/bin/cmake -E cmake_progress_report /home/dave/git/PKGBUILDs-1/community/supercollider/src/SuperCollider-Source/bld/CMakeFiles/CMakeTmp/CMakeFiles 1
Building C object CMakeFiles/cmTryCompileExec2566149087.dir/CMakeCCompilerABI.c.o
/usr/bin/cc   -march=armv6 -mfloat-abi=hard -mfpu=vfp -O2 -pipe -fstack-protector --param=ssp-buffer-size=4    -o CMakeFiles/cmTryCompileExec2566149087.dir/CMakeCCompilerABI.c.o   -c /usr/share/cmake-2.8/Modules/CMakeCCompilerABI.c
Linking C executable cmTryCompileExec2566149087
/usr/bin/cmake -E cmake_link_script CMakeFiles/cmTryCompileExec2566149087.dir/link.txt --verbose=1
/usr/bin/cc  -march=armv6 -mfloat-abi=hard -mfpu=vfp -O2 -pipe -fstack-protector --param=ssp-buffer-size=4   -v CMakeFiles/cmTryCompileExec2566149087.dir/CMakeCCompilerABI.c.o  -o cmTryCompileExec2566149087 -rdynamic  
Using built-in specs.
COLLECT_GCC=/usr/bin/cc
COLLECT_LTO_WRAPPER=/usr/lib/gcc/armv6l-unknown-linux-gnueabihf/4.7.2/lto-wrapper
Target: armv6l-unknown-linux-gnueabihf
Configured with: /build/src/gcc-4.7.2/configure --prefix=/usr --libdir=/usr/lib --libexecdir=/usr/lib --mandir=/usr/share/man --infodir=/usr/share/info --with-bugurl=https://bugs.archlinux.org/ --enable-languages=c,c++,fortran,lto,objc,obj-c++ --enable-shared --enable-threads=posix --with-system-zlib --enable-__cxa_atexit --disable-libunwind-exceptions --enable-clocale=gnu --disable-libstdcxx-pch --enable-libstdcxx-time --enable-gnu-unique-object --enable-linker-build-id --with-ppl --enable-cloog-backend=isl --disable-ppl-version-check --disable-cloog-version-check --enable-lto --enable-gold --enable-ld=default --enable-plugin --with-plugin-ld=ld.gold --with-linker-hash-style=gnu --disable-multilib --disable-libssp --disable-build-with-cxx --disable-build-poststage1-with-cxx --enable-checking=release --host=armv6l-unknown-linux-gnueabihf --build=armv6l-unknown-linux-gnueabihf --with-arch=armv6 --with-float=hard --with-fpu=vfp
Thread model: posix
gcc version 4.7.2 (GCC) 
COMPILER_PATH=/usr/lib/gcc/armv6l-unknown-linux-gnueabihf/4.7.2/:/usr/lib/gcc/armv6l-unknown-linux-gnueabihf/4.7.2/:/usr/lib/gcc/armv6l-unknown-linux-gnueabihf/:/usr/lib/gcc/armv6l-unknown-linux-gnueabihf/4.7.2/:/usr/lib/gcc/armv6l-unknown-linux-gnueabihf/
LIBRARY_PATH=/usr/lib/gcc/armv6l-unknown-linux-gnueabihf/4.7.2/:/usr/lib/gcc/armv6l-unknown-linux-gnueabihf/4.7.2/../../../:/lib/:/usr/lib/
COLLECT_GCC_OPTIONS='-march=armv6' '-mfloat-abi=hard' '-mfpu=vfp' '-O2' '-pipe' '-fstack-protector' '--param' 'ssp-buffer-size=4' '-v' '-o' 'cmTryCompileExec2566149087' '-rdynamic' '-mtls-dialect=gnu'
 /usr/lib/gcc/armv6l-unknown-linux-gnueabihf/4.7.2/collect2 --build-id --eh-frame-hdr --hash-style=gnu -export-dynamic -dynamic-linker /lib/ld-linux.so.3 -X -m armelf_linux_eabi -o cmTryCompileExec2566149087 /usr/lib/gcc/armv6l-unknown-linux-gnueabihf/4.7.2/../../../crt1.o /usr/lib/gcc/armv6l-unknown-linux-gnueabihf/4.7.2/../../../crti.o /usr/lib/gcc/armv6l-unknown-linux-gnueabihf/4.7.2/crtbegin.o -L/usr/lib/gcc/armv6l-unknown-linux-gnueabihf/4.7.2 -L/usr/lib/gcc/armv6l-unknown-linux-gnueabihf/4.7.2/../../.. CMakeFiles/cmTryCompileExec2566149087.dir/CMakeCCompilerABI.c.o -lgcc --as-needed -lgcc_s --no-as-needed -lc -lgcc --as-needed -lgcc_s --no-as-needed /usr/lib/gcc/armv6l-unknown-linux-gnueabihf/4.7.2/crtend.o /usr/lib/gcc/armv6l-unknown-linux-gnueabihf/4.7.2/../../../crtn.o
make[1]: Leaving directory '/home/dave/git/PKGBUILDs-1/community/supercollider/src/SuperCollider-Source/bld/CMakeFiles/CMakeTmp'


Parsed C implicit link information from above output:
  link line regex: [^( *|.*[/\])(ld|([^/\]+-)?ld|collect2)[^/\]*( |$)]
  ignore line: [Change Dir: /home/dave/git/PKGBUILDs-1/community/supercollider/src/SuperCollider-Source/bld/CMakeFiles/CMakeTmp]
  ignore line: []
  ignore line: [Run Build Command:/usr/bin/make "cmTryCompileExec2566149087/fast"]
  ignore line: [/usr/bin/make -f CMakeFiles/cmTryCompileExec2566149087.dir/build.make CMakeFiles/cmTryCompileExec2566149087.dir/build]
  ignore line: [make[1]: Entering directory '/home/dave/git/PKGBUILDs-1/community/supercollider/src/SuperCollider-Source/bld/CMakeFiles/CMakeTmp']
  ignore line: [/usr/bin/cmake -E cmake_progress_report /home/dave/git/PKGBUILDs-1/community/supercollider/src/SuperCollider-Source/bld/CMakeFiles/CMakeTmp/CMakeFiles 1]
  ignore line: [Building C object CMakeFiles/cmTryCompileExec2566149087.dir/CMakeCCompilerABI.c.o]
  ignore line: [/usr/bin/cc   -march=armv6 -mfloat-abi=hard -mfpu=vfp -O2 -pipe -fstack-protector --param=ssp-buffer-size=4    -o CMakeFiles/cmTryCompileExec2566149087.dir/CMakeCCompilerABI.c.o   -c /usr/share/cmake-2.8/Modules/CMakeCCompilerABI.c]
  ignore line: [Linking C executable cmTryCompileExec2566149087]
  ignore line: [/usr/bin/cmake -E cmake_link_script CMakeFiles/cmTryCompileExec2566149087.dir/link.txt --verbose=1]
  ignore line: [/usr/bin/cc  -march=armv6 -mfloat-abi=hard -mfpu=vfp -O2 -pipe -fstack-protector --param=ssp-buffer-size=4   -v CMakeFiles/cmTryCompileExec2566149087.dir/CMakeCCompilerABI.c.o  -o cmTryCompileExec2566149087 -rdynamic  ]
  ignore line: [Using built-in specs.]
  ignore line: [COLLECT_GCC=/usr/bin/cc]
  ignore line: [COLLECT_LTO_WRAPPER=/usr/lib/gcc/armv6l-unknown-linux-gnueabihf/4.7.2/lto-wrapper]
  ignore line: [Target: armv6l-unknown-linux-gnueabihf]
  ignore line: [Configured with: /build/src/gcc-4.7.2/configure --prefix=/usr --libdir=/usr/lib --libexecdir=/usr/lib --mandir=/usr/share/man --infodir=/usr/share/info --with-bugurl=https://bugs.archlinux.org/ --enable-languages=c,c++,fortran,lto,objc,obj-c++ --enable-shared --enable-threads=posix --with-system-zlib --enable-__cxa_atexit --disable-libunwind-exceptions --enable-clocale=gnu --disable-libstdcxx-pch --enable-libstdcxx-time --enable-gnu-unique-object --enable-linker-build-id --with-ppl --enable-cloog-backend=isl --disable-ppl-version-check --disable-cloog-version-check --enable-lto --enable-gold --enable-ld=default --enable-plugin --with-plugin-ld=ld.gold --with-linker-hash-style=gnu --disable-multilib --disable-libssp --disable-build-with-cxx --disable-build-poststage1-with-cxx --enable-checking=release --host=armv6l-unknown-linux-gnueabihf --build=armv6l-unknown-linux-gnueabihf --with-arch=armv6 --with-float=hard --with-fpu=vfp]
  ignore line: [Thread model: posix]
  ignore line: [gcc version 4.7.2 (GCC) ]
  ignore line: [COMPILER_PATH=/usr/lib/gcc/armv6l-unknown-linux-gnueabihf/4.7.2/:/usr/lib/gcc/armv6l-unknown-linux-gnueabihf/4.7.2/:/usr/lib/gcc/armv6l-unknown-linux-gnueabihf/:/usr/lib/gcc/armv6l-unknown-linux-gnueabihf/4.7.2/:/usr/lib/gcc/armv6l-unknown-linux-gnueabihf/]
  ignore line: [LIBRARY_PATH=/usr/lib/gcc/armv6l-unknown-linux-gnueabihf/4.7.2/:/usr/lib/gcc/armv6l-unknown-linux-gnueabihf/4.7.2/../../../:/lib/:/usr/lib/]
  ignore line: [COLLECT_GCC_OPTIONS='-march=armv6' '-mfloat-abi=hard' '-mfpu=vfp' '-O2' '-pipe' '-fstack-protector' '--param' 'ssp-buffer-size=4' '-v' '-o' 'cmTryCompileExec2566149087' '-rdynamic' '-mtls-dialect=gnu']
  link line: [ /usr/lib/gcc/armv6l-unknown-linux-gnueabihf/4.7.2/collect2 --build-id --eh-frame-hdr --hash-style=gnu -export-dynamic -dynamic-linker /lib/ld-linux.so.3 -X -m armelf_linux_eabi -o cmTryCompileExec2566149087 /usr/lib/gcc/armv6l-unknown-linux-gnueabihf/4.7.2/../../../crt1.o /usr/lib/gcc/armv6l-unknown-linux-gnueabihf/4.7.2/../../../crti.o /usr/lib/gcc/armv6l-unknown-linux-gnueabihf/4.7.2/crtbegin.o -L/usr/lib/gcc/armv6l-unknown-linux-gnueabihf/4.7.2 -L/usr/lib/gcc/armv6l-unknown-linux-gnueabihf/4.7.2/../../.. CMakeFiles/cmTryCompileExec2566149087.dir/CMakeCCompilerABI.c.o -lgcc --as-needed -lgcc_s --no-as-needed -lc -lgcc --as-needed -lgcc_s --no-as-needed /usr/lib/gcc/armv6l-unknown-linux-gnueabihf/4.7.2/crtend.o /usr/lib/gcc/armv6l-unknown-linux-gnueabihf/4.7.2/../../../crtn.o]
    arg [/usr/lib/gcc/armv6l-unknown-linux-gnueabihf/4.7.2/collect2] ==> ignore
    arg [--build-id] ==> ignore
    arg [--eh-frame-hdr] ==> ignore
    arg [--hash-style=gnu] ==> ignore
    arg [-export-dynamic] ==> ignore
    arg [-dynamic-linker] ==> ignore
    arg [/lib/ld-linux.so.3] ==> ignore
    arg [-X] ==> ignore
    arg [-m] ==> ignore
    arg [armelf_linux_eabi] ==> ignore
    arg [-o] ==> ignore
    arg [cmTryCompileExec2566149087] ==> ignore
    arg [/usr/lib/gcc/armv6l-unknown-linux-gnueabihf/4.7.2/../../../crt1.o] ==> ignore
    arg [/usr/lib/gcc/armv6l-unknown-linux-gnueabihf/4.7.2/../../../crti.o] ==> ignore
    arg [/usr/lib/gcc/armv6l-unknown-linux-gnueabihf/4.7.2/crtbegin.o] ==> ignore
    arg [-L/usr/lib/gcc/armv6l-unknown-linux-gnueabihf/4.7.2] ==> dir [/usr/lib/gcc/armv6l-unknown-linux-gnueabihf/4.7.2]
    arg [-L/usr/lib/gcc/armv6l-unknown-linux-gnueabihf/4.7.2/../../..] ==> dir [/usr/lib/gcc/armv6l-unknown-linux-gnueabihf/4.7.2/../../..]
    arg [CMakeFiles/cmTryCompileExec2566149087.dir/CMakeCCompilerABI.c.o] ==> ignore
    arg [-lgcc] ==> lib [gcc]
    arg [--as-needed] ==> ignore
    arg [-lgcc_s] ==> lib [gcc_s]
    arg [--no-as-needed] ==> ignore
    arg [-lc] ==> lib [c]
    arg [-lgcc] ==> lib [gcc]
    arg [--as-needed] ==> ignore
    arg [-lgcc_s] ==> lib [gcc_s]
    arg [--no-as-needed] ==> ignore
    arg [/usr/lib/gcc/armv6l-unknown-linux-gnueabihf/4.7.2/crtend.o] ==> ignore
    arg [/usr/lib/gcc/armv6l-unknown-linux-gnueabihf/4.7.2/../../../crtn.o] ==> ignore
  remove lib [gcc]
  remove lib [gcc_s]
  remove lib [gcc]
  remove lib [gcc_s]
  collapse library dir [/usr/lib/gcc/armv6l-unknown-linux-gnueabihf/4.7.2] ==> [/usr/lib/gcc/armv6l-unknown-linux-gnueabihf/4.7.2]
  collapse library dir [/usr/lib/gcc/armv6l-unknown-linux-gnueabihf/4.7.2/../../..] ==> [/usr/lib]
  implicit libs: [c]
  implicit dirs: [/usr/lib/gcc/armv6l-unknown-linux-gnueabihf/4.7.2;/usr/lib]
  implicit fwks: []


Determining if the CXX compiler works passed with the following output:
Change Dir: /home/dave/git/PKGBUILDs-1/community/supercollider/src/SuperCollider-Source/bld/CMakeFiles/CMakeTmp

Run Build Command:/usr/bin/make "cmTryCompileExec220375769/fast"
/usr/bin/make -f CMakeFiles/cmTryCompileExec220375769.dir/build.make CMakeFiles/cmTryCompileExec220375769.dir/build
make[1]: Entering directory '/home/dave/git/PKGBUILDs-1/community/supercollider/src/SuperCollider-Source/bld/CMakeFiles/CMakeTmp'
/usr/bin/cmake -E cmake_progress_report /home/dave/git/PKGBUILDs-1/community/supercollider/src/SuperCollider-Source/bld/CMakeFiles/CMakeTmp/CMakeFiles 1
Building CXX object CMakeFiles/cmTryCompileExec220375769.dir/testCXXCompiler.cxx.o
/usr/bin/c++    -march=armv6 -mfloat-abi=hard -mfpu=vfp -O2 -pipe -fstack-protector --param=ssp-buffer-size=4    -o CMakeFiles/cmTryCompileExec220375769.dir/testCXXCompiler.cxx.o -c /home/dave/git/PKGBUILDs-1/community/supercollider/src/SuperCollider-Source/bld/CMakeFiles/CMakeTmp/testCXXCompiler.cxx
Linking CXX executable cmTryCompileExec220375769
/usr/bin/cmake -E cmake_link_script CMakeFiles/cmTryCompileExec220375769.dir/link.txt --verbose=1
/usr/bin/c++   -march=armv6 -mfloat-abi=hard -mfpu=vfp -O2 -pipe -fstack-protector --param=ssp-buffer-size=4     CMakeFiles/cmTryCompileExec220375769.dir/testCXXCompiler.cxx.o  -o cmTryCompileExec220375769 -rdynamic 
make[1]: Leaving directory '/home/dave/git/PKGBUILDs-1/community/supercollider/src/SuperCollider-Source/bld/CMakeFiles/CMakeTmp'


Detecting CXX compiler ABI info compiled with the following output:
Change Dir: /home/dave/git/PKGBUILDs-1/community/supercollider/src/SuperCollider-Source/bld/CMakeFiles/CMakeTmp

Run Build Command:/usr/bin/make "cmTryCompileExec3314241565/fast"
/usr/bin/make -f CMakeFiles/cmTryCompileExec3314241565.dir/build.make CMakeFiles/cmTryCompileExec3314241565.dir/build
make[1]: Entering directory '/home/dave/git/PKGBUILDs-1/community/supercollider/src/SuperCollider-Source/bld/CMakeFiles/CMakeTmp'
/usr/bin/cmake -E cmake_progress_report /home/dave/git/PKGBUILDs-1/community/supercollider/src/SuperCollider-Source/bld/CMakeFiles/CMakeTmp/CMakeFiles 1
Building CXX object CMakeFiles/cmTryCompileExec3314241565.dir/CMakeCXXCompilerABI.cpp.o
/usr/bin/c++    -march=armv6 -mfloat-abi=hard -mfpu=vfp -O2 -pipe -fstack-protector --param=ssp-buffer-size=4    -o CMakeFiles/cmTryCompileExec3314241565.dir/CMakeCXXCompilerABI.cpp.o -c /usr/share/cmake-2.8/Modules/CMakeCXXCompilerABI.cpp
Linking CXX executable cmTryCompileExec3314241565
/usr/bin/cmake -E cmake_link_script CMakeFiles/cmTryCompileExec3314241565.dir/link.txt --verbose=1
/usr/bin/c++   -march=armv6 -mfloat-abi=hard -mfpu=vfp -O2 -pipe -fstack-protector --param=ssp-buffer-size=4   -v CMakeFiles/cmTryCompileExec3314241565.dir/CMakeCXXCompilerABI.cpp.o  -o cmTryCompileExec3314241565 -rdynamic  
Using built-in specs.
COLLECT_GCC=/usr/bin/c++
COLLECT_LTO_WRAPPER=/usr/lib/gcc/armv6l-unknown-linux-gnueabihf/4.7.2/lto-wrapper
Target: armv6l-unknown-linux-gnueabihf
Configured with: /build/src/gcc-4.7.2/configure --prefix=/usr --libdir=/usr/lib --libexecdir=/usr/lib --mandir=/usr/share/man --infodir=/usr/share/info --with-bugurl=https://bugs.archlinux.org/ --enable-languages=c,c++,fortran,lto,objc,obj-c++ --enable-shared --enable-threads=posix --with-system-zlib --enable-__cxa_atexit --disable-libunwind-exceptions --enable-clocale=gnu --disable-libstdcxx-pch --enable-libstdcxx-time --enable-gnu-unique-object --enable-linker-build-id --with-ppl --enable-cloog-backend=isl --disable-ppl-version-check --disable-cloog-version-check --enable-lto --enable-gold --enable-ld=default --enable-plugin --with-plugin-ld=ld.gold --with-linker-hash-style=gnu --disable-multilib --disable-libssp --disable-build-with-cxx --disable-build-poststage1-with-cxx --enable-checking=release --host=armv6l-unknown-linux-gnueabihf --build=armv6l-unknown-linux-gnueabihf --with-arch=armv6 --with-float=hard --with-fpu=vfp
Thread model: posix
gcc version 4.7.2 (GCC) 
COMPILER_PATH=/usr/lib/gcc/armv6l-unknown-linux-gnueabihf/4.7.2/:/usr/lib/gcc/armv6l-unknown-linux-gnueabihf/4.7.2/:/usr/lib/gcc/armv6l-unknown-linux-gnueabihf/:/usr/lib/gcc/armv6l-unknown-linux-gnueabihf/4.7.2/:/usr/lib/gcc/armv6l-unknown-linux-gnueabihf/
LIBRARY_PATH=/usr/lib/gcc/armv6l-unknown-linux-gnueabihf/4.7.2/:/usr/lib/gcc/armv6l-unknown-linux-gnueabihf/4.7.2/../../../:/lib/:/usr/lib/
COLLECT_GCC_OPTIONS='-march=armv6' '-mfloat-abi=hard' '-mfpu=vfp' '-O2' '-pipe' '-fstack-protector' '--param' 'ssp-buffer-size=4' '-v' '-o' 'cmTryCompileExec3314241565' '-rdynamic' '-shared-libgcc' '-mtls-dialect=gnu'
 /usr/lib/gcc/armv6l-unknown-linux-gnueabihf/4.7.2/collect2 --build-id --eh-frame-hdr --hash-style=gnu -export-dynamic -dynamic-linker /lib/ld-linux.so.3 -X -m armelf_linux_eabi -o cmTryCompileExec3314241565 /usr/lib/gcc/armv6l-unknown-linux-gnueabihf/4.7.2/../../../crt1.o /usr/lib/gcc/armv6l-unknown-linux-gnueabihf/4.7.2/../../../crti.o /usr/lib/gcc/armv6l-unknown-linux-gnueabihf/4.7.2/crtbegin.o -L/usr/lib/gcc/armv6l-unknown-linux-gnueabihf/4.7.2 -L/usr/lib/gcc/armv6l-unknown-linux-gnueabihf/4.7.2/../../.. CMakeFiles/cmTryCompileExec3314241565.dir/CMakeCXXCompilerABI.cpp.o -lstdc++ -lm -lgcc_s -lgcc -lc -lgcc_s -lgcc /usr/lib/gcc/armv6l-unknown-linux-gnueabihf/4.7.2/crtend.o /usr/lib/gcc/armv6l-unknown-linux-gnueabihf/4.7.2/../../../crtn.o
make[1]: Leaving directory '/home/dave/git/PKGBUILDs-1/community/supercollider/src/SuperCollider-Source/bld/CMakeFiles/CMakeTmp'


Parsed CXX implicit link information from above output:
  link line regex: [^( *|.*[/\])(ld|([^/\]+-)?ld|collect2)[^/\]*( |$)]
  ignore line: [Change Dir: /home/dave/git/PKGBUILDs-1/community/supercollider/src/SuperCollider-Source/bld/CMakeFiles/CMakeTmp]
  ignore line: []
  ignore line: [Run Build Command:/usr/bin/make "cmTryCompileExec3314241565/fast"]
  ignore line: [/usr/bin/make -f CMakeFiles/cmTryCompileExec3314241565.dir/build.make CMakeFiles/cmTryCompileExec3314241565.dir/build]
  ignore line: [make[1]: Entering directory '/home/dave/git/PKGBUILDs-1/community/supercollider/src/SuperCollider-Source/bld/CMakeFiles/CMakeTmp']
  ignore line: [/usr/bin/cmake -E cmake_progress_report /home/dave/git/PKGBUILDs-1/community/supercollider/src/SuperCollider-Source/bld/CMakeFiles/CMakeTmp/CMakeFiles 1]
  ignore line: [Building CXX object CMakeFiles/cmTryCompileExec3314241565.dir/CMakeCXXCompilerABI.cpp.o]
  ignore line: [/usr/bin/c++    -march=armv6 -mfloat-abi=hard -mfpu=vfp -O2 -pipe -fstack-protector --param=ssp-buffer-size=4    -o CMakeFiles/cmTryCompileExec3314241565.dir/CMakeCXXCompilerABI.cpp.o -c /usr/share/cmake-2.8/Modules/CMakeCXXCompilerABI.cpp]
  ignore line: [Linking CXX executable cmTryCompileExec3314241565]
  ignore line: [/usr/bin/cmake -E cmake_link_script CMakeFiles/cmTryCompileExec3314241565.dir/link.txt --verbose=1]
  ignore line: [/usr/bin/c++   -march=armv6 -mfloat-abi=hard -mfpu=vfp -O2 -pipe -fstack-protector --param=ssp-buffer-size=4   -v CMakeFiles/cmTryCompileExec3314241565.dir/CMakeCXXCompilerABI.cpp.o  -o cmTryCompileExec3314241565 -rdynamic  ]
  ignore line: [Using built-in specs.]
  ignore line: [COLLECT_GCC=/usr/bin/c++]
  ignore line: [COLLECT_LTO_WRAPPER=/usr/lib/gcc/armv6l-unknown-linux-gnueabihf/4.7.2/lto-wrapper]
  ignore line: [Target: armv6l-unknown-linux-gnueabihf]
  ignore line: [Configured with: /build/src/gcc-4.7.2/configure --prefix=/usr --libdir=/usr/lib --libexecdir=/usr/lib --mandir=/usr/share/man --infodir=/usr/share/info --with-bugurl=https://bugs.archlinux.org/ --enable-languages=c,c++,fortran,lto,objc,obj-c++ --enable-shared --enable-threads=posix --with-system-zlib --enable-__cxa_atexit --disable-libunwind-exceptions --enable-clocale=gnu --disable-libstdcxx-pch --enable-libstdcxx-time --enable-gnu-unique-object --enable-linker-build-id --with-ppl --enable-cloog-backend=isl --disable-ppl-version-check --disable-cloog-version-check --enable-lto --enable-gold --enable-ld=default --enable-plugin --with-plugin-ld=ld.gold --with-linker-hash-style=gnu --disable-multilib --disable-libssp --disable-build-with-cxx --disable-build-poststage1-with-cxx --enable-checking=release --host=armv6l-unknown-linux-gnueabihf --build=armv6l-unknown-linux-gnueabihf --with-arch=armv6 --with-float=hard --with-fpu=vfp]
  ignore line: [Thread model: posix]
  ignore line: [gcc version 4.7.2 (GCC) ]
  ignore line: [COMPILER_PATH=/usr/lib/gcc/armv6l-unknown-linux-gnueabihf/4.7.2/:/usr/lib/gcc/armv6l-unknown-linux-gnueabihf/4.7.2/:/usr/lib/gcc/armv6l-unknown-linux-gnueabihf/:/usr/lib/gcc/armv6l-unknown-linux-gnueabihf/4.7.2/:/usr/lib/gcc/armv6l-unknown-linux-gnueabihf/]
  ignore line: [LIBRARY_PATH=/usr/lib/gcc/armv6l-unknown-linux-gnueabihf/4.7.2/:/usr/lib/gcc/armv6l-unknown-linux-gnueabihf/4.7.2/../../../:/lib/:/usr/lib/]
  ignore line: [COLLECT_GCC_OPTIONS='-march=armv6' '-mfloat-abi=hard' '-mfpu=vfp' '-O2' '-pipe' '-fstack-protector' '--param' 'ssp-buffer-size=4' '-v' '-o' 'cmTryCompileExec3314241565' '-rdynamic' '-shared-libgcc' '-mtls-dialect=gnu']
  link line: [ /usr/lib/gcc/armv6l-unknown-linux-gnueabihf/4.7.2/collect2 --build-id --eh-frame-hdr --hash-style=gnu -export-dynamic -dynamic-linker /lib/ld-linux.so.3 -X -m armelf_linux_eabi -o cmTryCompileExec3314241565 /usr/lib/gcc/armv6l-unknown-linux-gnueabihf/4.7.2/../../../crt1.o /usr/lib/gcc/armv6l-unknown-linux-gnueabihf/4.7.2/../../../crti.o /usr/lib/gcc/armv6l-unknown-linux-gnueabihf/4.7.2/crtbegin.o -L/usr/lib/gcc/armv6l-unknown-linux-gnueabihf/4.7.2 -L/usr/lib/gcc/armv6l-unknown-linux-gnueabihf/4.7.2/../../.. CMakeFiles/cmTryCompileExec3314241565.dir/CMakeCXXCompilerABI.cpp.o -lstdc++ -lm -lgcc_s -lgcc -lc -lgcc_s -lgcc /usr/lib/gcc/armv6l-unknown-linux-gnueabihf/4.7.2/crtend.o /usr/lib/gcc/armv6l-unknown-linux-gnueabihf/4.7.2/../../../crtn.o]
    arg [/usr/lib/gcc/armv6l-unknown-linux-gnueabihf/4.7.2/collect2] ==> ignore
    arg [--build-id] ==> ignore
    arg [--eh-frame-hdr] ==> ignore
    arg [--hash-style=gnu] ==> ignore
    arg [-export-dynamic] ==> ignore
    arg [-dynamic-linker] ==> ignore
    arg [/lib/ld-linux.so.3] ==> ignore
    arg [-X] ==> ignore
    arg [-m] ==> ignore
    arg [armelf_linux_eabi] ==> ignore
    arg [-o] ==> ignore
    arg [cmTryCompileExec3314241565] ==> ignore
    arg [/usr/lib/gcc/armv6l-unknown-linux-gnueabihf/4.7.2/../../../crt1.o] ==> ignore
    arg [/usr/lib/gcc/armv6l-unknown-linux-gnueabihf/4.7.2/../../../crti.o] ==> ignore
    arg [/usr/lib/gcc/armv6l-unknown-linux-gnueabihf/4.7.2/crtbegin.o] ==> ignore
    arg [-L/usr/lib/gcc/armv6l-unknown-linux-gnueabihf/4.7.2] ==> dir [/usr/lib/gcc/armv6l-unknown-linux-gnueabihf/4.7.2]
    arg [-L/usr/lib/gcc/armv6l-unknown-linux-gnueabihf/4.7.2/../../..] ==> dir [/usr/lib/gcc/armv6l-unknown-linux-gnueabihf/4.7.2/../../..]
    arg [CMakeFiles/cmTryCompileExec3314241565.dir/CMakeCXXCompilerABI.cpp.o] ==> ignore
    arg [-lstdc++] ==> lib [stdc++]
    arg [-lm] ==> lib [m]
    arg [-lgcc_s] ==> lib [gcc_s]
    arg [-lgcc] ==> lib [gcc]
    arg [-lc] ==> lib [c]
    arg [-lgcc_s] ==> lib [gcc_s]
    arg [-lgcc] ==> lib [gcc]
    arg [/usr/lib/gcc/armv6l-unknown-linux-gnueabihf/4.7.2/crtend.o] ==> ignore
    arg [/usr/lib/gcc/armv6l-unknown-linux-gnueabihf/4.7.2/../../../crtn.o] ==> ignore
  remove lib [gcc_s]
  remove lib [gcc]
  remove lib [gcc_s]
  remove lib [gcc]
  collapse library dir [/usr/lib/gcc/armv6l-unknown-linux-gnueabihf/4.7.2] ==> [/usr/lib/gcc/armv6l-unknown-linux-gnueabihf/4.7.2]
  collapse library dir [/usr/lib/gcc/armv6l-unknown-linux-gnueabihf/4.7.2/../../..] ==> [/usr/lib]
  implicit libs: [stdc++;m;c]
  implicit dirs: [/usr/lib/gcc/armv6l-unknown-linux-gnueabihf/4.7.2;/usr/lib]
  implicit fwks: []


Determining if the function XOpenDisplay exists in the /usr/lib/libX11.so;/usr/lib/libXext.so passed with the following output:
Change Dir: /home/dave/git/PKGBUILDs-1/community/supercollider/src/SuperCollider-Source/bld/CMakeFiles/CMakeTmp

Run Build Command:/usr/bin/make "cmTryCompileExec2135920158/fast"
/usr/bin/make -f CMakeFiles/cmTryCompileExec2135920158.dir/build.make CMakeFiles/cmTryCompileExec2135920158.dir/build
make[1]: Entering directory '/home/dave/git/PKGBUILDs-1/community/supercollider/src/SuperCollider-Source/bld/CMakeFiles/CMakeTmp'
/usr/bin/cmake -E cmake_progress_report /home/dave/git/PKGBUILDs-1/community/supercollider/src/SuperCollider-Source/bld/CMakeFiles/CMakeTmp/CMakeFiles 1
Building C object CMakeFiles/cmTryCompileExec2135920158.dir/CheckFunctionExists.c.o
/usr/bin/cc   -march=armv6 -mfloat-abi=hard -mfpu=vfp -O2 -pipe -fstack-protector --param=ssp-buffer-size=4 -DCHECK_FUNCTION_EXISTS=XOpenDisplay   -o CMakeFiles/cmTryCompileExec2135920158.dir/CheckFunctionExists.c.o   -c /usr/share/cmake-2.8/Modules/CheckFunctionExists.c
Linking C executable cmTryCompileExec2135920158
/usr/bin/cmake -E cmake_link_script CMakeFiles/cmTryCompileExec2135920158.dir/link.txt --verbose=1
/usr/bin/cc  -march=armv6 -mfloat-abi=hard -mfpu=vfp -O2 -pipe -fstack-protector --param=ssp-buffer-size=4 -DCHECK_FUNCTION_EXISTS=XOpenDisplay    CMakeFiles/cmTryCompileExec2135920158.dir/CheckFunctionExists.c.o  -o cmTryCompileExec2135920158 -rdynamic -lX11 -lXext 
make[1]: Leaving directory '/home/dave/git/PKGBUILDs-1/community/supercollider/src/SuperCollider-Source/bld/CMakeFiles/CMakeTmp'


Determining if the function gethostbyname exists passed with the following output:
Change Dir: /home/dave/git/PKGBUILDs-1/community/supercollider/src/SuperCollider-Source/bld/CMakeFiles/CMakeTmp

Run Build Command:/usr/bin/make "cmTryCompileExec1887831465/fast"
/usr/bin/make -f CMakeFiles/cmTryCompileExec1887831465.dir/build.make CMakeFiles/cmTryCompileExec1887831465.dir/build
make[1]: Entering directory '/home/dave/git/PKGBUILDs-1/community/supercollider/src/SuperCollider-Source/bld/CMakeFiles/CMakeTmp'
/usr/bin/cmake -E cmake_progress_report /home/dave/git/PKGBUILDs-1/community/supercollider/src/SuperCollider-Source/bld/CMakeFiles/CMakeTmp/CMakeFiles 1
Building C object CMakeFiles/cmTryCompileExec1887831465.dir/CheckFunctionExists.c.o
/usr/bin/cc   -march=armv6 -mfloat-abi=hard -mfpu=vfp -O2 -pipe -fstack-protector --param=ssp-buffer-size=4 -DCHECK_FUNCTION_EXISTS=gethostbyname   -o CMakeFiles/cmTryCompileExec1887831465.dir/CheckFunctionExists.c.o   -c /usr/share/cmake-2.8/Modules/CheckFunctionExists.c
Linking C executable cmTryCompileExec1887831465
/usr/bin/cmake -E cmake_link_script CMakeFiles/cmTryCompileExec1887831465.dir/link.txt --verbose=1
/usr/bin/cc  -march=armv6 -mfloat-abi=hard -mfpu=vfp -O2 -pipe -fstack-protector --param=ssp-buffer-size=4 -DCHECK_FUNCTION_EXISTS=gethostbyname    CMakeFiles/cmTryCompileExec1887831465.dir/CheckFunctionExists.c.o  -o cmTryCompileExec1887831465 -rdynamic 
make[1]: Leaving directory '/home/dave/git/PKGBUILDs-1/community/supercollider/src/SuperCollider-Source/bld/CMakeFiles/CMakeTmp'


Determining if the function connect exists passed with the following output:
Change Dir: /home/dave/git/PKGBUILDs-1/community/supercollider/src/SuperCollider-Source/bld/CMakeFiles/CMakeTmp

Run Build Command:/usr/bin/make "cmTryCompileExec935999503/fast"
/usr/bin/make -f CMakeFiles/cmTryCompileExec935999503.dir/build.make CMakeFiles/cmTryCompileExec935999503.dir/build
make[1]: Entering directory '/home/dave/git/PKGBUILDs-1/community/supercollider/src/SuperCollider-Source/bld/CMakeFiles/CMakeTmp'
/usr/bin/cmake -E cmake_progress_report /home/dave/git/PKGBUILDs-1/community/supercollider/src/SuperCollider-Source/bld/CMakeFiles/CMakeTmp/CMakeFiles 1
Building C object CMakeFiles/cmTryCompileExec935999503.dir/CheckFunctionExists.c.o
/usr/bin/cc   -march=armv6 -mfloat-abi=hard -mfpu=vfp -O2 -pipe -fstack-protector --param=ssp-buffer-size=4 -DCHECK_FUNCTION_EXISTS=connect   -o CMakeFiles/cmTryCompileExec935999503.dir/CheckFunctionExists.c.o   -c /usr/share/cmake-2.8/Modules/CheckFunctionExists.c
Linking C executable cmTryCompileExec935999503
/usr/bin/cmake -E cmake_link_script CMakeFiles/cmTryCompileExec935999503.dir/link.txt --verbose=1
/usr/bin/cc  -march=armv6 -mfloat-abi=hard -mfpu=vfp -O2 -pipe -fstack-protector --param=ssp-buffer-size=4 -DCHECK_FUNCTION_EXISTS=connect    CMakeFiles/cmTryCompileExec935999503.dir/CheckFunctionExists.c.o  -o cmTryCompileExec935999503 -rdynamic 
make[1]: Leaving directory '/home/dave/git/PKGBUILDs-1/community/supercollider/src/SuperCollider-Source/bld/CMakeFiles/CMakeTmp'


Determining if the function remove exists passed with the following output:
Change Dir: /home/dave/git/PKGBUILDs-1/community/supercollider/src/SuperCollider-Source/bld/CMakeFiles/CMakeTmp

Run Build Command:/usr/bin/make "cmTryCompileExec711608907/fast"
/usr/bin/make -f CMakeFiles/cmTryCompileExec711608907.dir/build.make CMakeFiles/cmTryCompileExec711608907.dir/build
make[1]: Entering directory '/home/dave/git/PKGBUILDs-1/community/supercollider/src/SuperCollider-Source/bld/CMakeFiles/CMakeTmp'
/usr/bin/cmake -E cmake_progress_report /home/dave/git/PKGBUILDs-1/community/supercollider/src/SuperCollider-Source/bld/CMakeFiles/CMakeTmp/CMakeFiles 1
Building C object CMakeFiles/cmTryCompileExec711608907.dir/CheckFunctionExists.c.o
/usr/bin/cc   -march=armv6 -mfloat-abi=hard -mfpu=vfp -O2 -pipe -fstack-protector --param=ssp-buffer-size=4 -DCHECK_FUNCTION_EXISTS=remove   -o CMakeFiles/cmTryCompileExec711608907.dir/CheckFunctionExists.c.o   -c /usr/share/cmake-2.8/Modules/CheckFunctionExists.c
Linking C executable cmTryCompileExec711608907
/usr/bin/cmake -E cmake_link_script CMakeFiles/cmTryCompileExec711608907.dir/link.txt --verbose=1
/usr/bin/cc  -march=armv6 -mfloat-abi=hard -mfpu=vfp -O2 -pipe -fstack-protector --param=ssp-buffer-size=4 -DCHECK_FUNCTION_EXISTS=remove    CMakeFiles/cmTryCompileExec711608907.dir/CheckFunctionExists.c.o  -o cmTryCompileExec711608907 -rdynamic 
make[1]: Leaving directory '/home/dave/git/PKGBUILDs-1/community/supercollider/src/SuperCollider-Source/bld/CMakeFiles/CMakeTmp'


Determining if the function shmat exists passed with the following output:
Change Dir: /home/dave/git/PKGBUILDs-1/community/supercollider/src/SuperCollider-Source/bld/CMakeFiles/CMakeTmp

Run Build Command:/usr/bin/make "cmTryCompileExec851514577/fast"
/usr/bin/make -f CMakeFiles/cmTryCompileExec851514577.dir/build.make CMakeFiles/cmTryCompileExec851514577.dir/build
make[1]: Entering directory '/home/dave/git/PKGBUILDs-1/community/supercollider/src/SuperCollider-Source/bld/CMakeFiles/CMakeTmp'
/usr/bin/cmake -E cmake_progress_report /home/dave/git/PKGBUILDs-1/community/supercollider/src/SuperCollider-Source/bld/CMakeFiles/CMakeTmp/CMakeFiles 1
Building C object CMakeFiles/cmTryCompileExec851514577.dir/CheckFunctionExists.c.o
/usr/bin/cc   -march=armv6 -mfloat-abi=hard -mfpu=vfp -O2 -pipe -fstack-protector --param=ssp-buffer-size=4 -DCHECK_FUNCTION_EXISTS=shmat   -o CMakeFiles/cmTryCompileExec851514577.dir/CheckFunctionExists.c.o   -c /usr/share/cmake-2.8/Modules/CheckFunctionExists.c
Linking C executable cmTryCompileExec851514577
/usr/bin/cmake -E cmake_link_script CMakeFiles/cmTryCompileExec851514577.dir/link.txt --verbose=1
/usr/bin/cc  -march=armv6 -mfloat-abi=hard -mfpu=vfp -O2 -pipe -fstack-protector --param=ssp-buffer-size=4 -DCHECK_FUNCTION_EXISTS=shmat    CMakeFiles/cmTryCompileExec851514577.dir/CheckFunctionExists.c.o  -o cmTryCompileExec851514577 -rdynamic 
make[1]: Leaving directory '/home/dave/git/PKGBUILDs-1/community/supercollider/src/SuperCollider-Source/bld/CMakeFiles/CMakeTmp'


Determining if the function IceConnectionNumber exists in the ICE passed with the following output:
Change Dir: /home/dave/git/PKGBUILDs-1/community/supercollider/src/SuperCollider-Source/bld/CMakeFiles/CMakeTmp

Run Build Command:/usr/bin/make "cmTryCompileExec4233377347/fast"
/usr/bin/make -f CMakeFiles/cmTryCompileExec4233377347.dir/build.make CMakeFiles/cmTryCompileExec4233377347.dir/build
make[1]: Entering directory '/home/dave/git/PKGBUILDs-1/community/supercollider/src/SuperCollider-Source/bld/CMakeFiles/CMakeTmp'
/usr/bin/cmake -E cmake_progress_report /home/dave/git/PKGBUILDs-1/community/supercollider/src/SuperCollider-Source/bld/CMakeFiles/CMakeTmp/CMakeFiles 1
Building C object CMakeFiles/cmTryCompileExec4233377347.dir/CheckFunctionExists.c.o
/usr/bin/cc   -march=armv6 -mfloat-abi=hard -mfpu=vfp -O2 -pipe -fstack-protector --param=ssp-buffer-size=4 -DCHECK_FUNCTION_EXISTS=IceConnectionNumber   -o CMakeFiles/cmTryCompileExec4233377347.dir/CheckFunctionExists.c.o   -c /usr/share/cmake-2.8/Modules/CheckFunctionExists.c
Linking C executable cmTryCompileExec4233377347
/usr/bin/cmake -E cmake_link_script CMakeFiles/cmTryCompileExec4233377347.dir/link.txt --verbose=1
/usr/bin/cc  -march=armv6 -mfloat-abi=hard -mfpu=vfp -O2 -pipe -fstack-protector --param=ssp-buffer-size=4 -DCHECK_FUNCTION_EXISTS=IceConnectionNumber    CMakeFiles/cmTryCompileExec4233377347.dir/CheckFunctionExists.c.o  -o cmTryCompileExec4233377347 -rdynamic -lICE 
make[1]: Leaving directory '/home/dave/git/PKGBUILDs-1/community/supercollider/src/SuperCollider-Source/bld/CMakeFiles/CMakeTmp'


Determining if the Q_WS_X11 exist passed with the following output:
Change Dir: /home/dave/git/PKGBUILDs-1/community/supercollider/src/SuperCollider-Source/bld/CMakeFiles/CMakeTmp

Run Build Command:/usr/bin/make "cmTryCompileExec3660744436/fast"
/usr/bin/make -f CMakeFiles/cmTryCompileExec3660744436.dir/build.make CMakeFiles/cmTryCompileExec3660744436.dir/build
make[1]: Entering directory '/home/dave/git/PKGBUILDs-1/community/supercollider/src/SuperCollider-Source/bld/CMakeFiles/CMakeTmp'
/usr/bin/cmake -E cmake_progress_report /home/dave/git/PKGBUILDs-1/community/supercollider/src/SuperCollider-Source/bld/CMakeFiles/CMakeTmp/CMakeFiles 1
Building CXX object CMakeFiles/cmTryCompileExec3660744436.dir/CheckSymbolExists.cxx.o
/usr/bin/c++    -march=armv6 -mfloat-abi=hard -mfpu=vfp -O2 -pipe -fstack-protector --param=ssp-buffer-size=4  -I/usr/include/qt4    -o CMakeFiles/cmTryCompileExec3660744436.dir/CheckSymbolExists.cxx.o -c /home/dave/git/PKGBUILDs-1/community/supercollider/src/SuperCollider-Source/bld/CMakeFiles/CMakeTmp/CheckSymbolExists.cxx
Linking CXX executable cmTryCompileExec3660744436
/usr/bin/cmake -E cmake_link_script CMakeFiles/cmTryCompileExec3660744436.dir/link.txt --verbose=1
/usr/bin/c++   -march=armv6 -mfloat-abi=hard -mfpu=vfp -O2 -pipe -fstack-protector --param=ssp-buffer-size=4     CMakeFiles/cmTryCompileExec3660744436.dir/CheckSymbolExists.cxx.o  -o cmTryCompileExec3660744436 -rdynamic 
make[1]: Leaving directory '/home/dave/git/PKGBUILDs-1/community/supercollider/src/SuperCollider-Source/bld/CMakeFiles/CMakeTmp'

File /home/dave/git/PKGBUILDs-1/community/supercollider/src/SuperCollider-Source/bld/CMakeFiles/CMakeTmp/CheckSymbolExists.cxx:
/* */
#include <QtCore/qglobal.h>

int main(int argc, char** argv)
{
  (void)argv;
#ifndef Q_WS_X11
  return ((int*)(&Q_WS_X11))[argc];
#else
  (void)argc;
  return 0;
#endif
}

